2020.11.20 16:55:44 INFO  Started: Metals version 0.9.5 in workspace 'F:\spark_gradle' for client vscode.
2020.11.20 16:55:50 INFO  time: initialize in 5.93s
2020.11.20 16:55:51 WARN  Build server is not auto-connectable.
2020.11.20 16:55:51 WARN  no build target for: F:\spark_gradle\src\main\scala\ashukhov\KafkaDemo.scala
2020.11.20 16:56:01 INFO  no build target: using presentation compiler with only scala-library
Nov. 20, 2020 4:56:02 NACHM. org.eclipse.lsp4j.jsonrpc.RemoteEndpoint handleCancellation
WARNUNG: Unmatched cancel notification for request id 2
Nov. 20, 2020 4:56:02 NACHM. org.eclipse.lsp4j.jsonrpc.RemoteEndpoint handleCancellation
WARNUNG: Unmatched cancel notification for request id 9
Nov. 20, 2020 4:56:02 NACHM. org.eclipse.lsp4j.jsonrpc.RemoteEndpoint handleCancellation
WARNUNG: Unmatched cancel notification for request id 8
Nov. 20, 2020 4:56:02 NACHM. org.eclipse.lsp4j.jsonrpc.RemoteEndpoint handleCancellation
WARNUNG: Unmatched cancel notification for request id 14
Nov. 20, 2020 4:56:02 NACHM. org.eclipse.lsp4j.jsonrpc.RemoteEndpoint handleCancellation
WARNUNG: Unmatched cancel notification for request id 20
Nov. 20, 2020 4:56:02 NACHM. org.eclipse.lsp4j.jsonrpc.RemoteEndpoint handleCancellation
WARNUNG: Unmatched cancel notification for request id 18
Nov. 20, 2020 4:56:02 NACHM. org.eclipse.lsp4j.jsonrpc.RemoteEndpoint handleCancellation
WARNUNG: Unmatched cancel notification for request id 23
Nov. 20, 2020 4:56:02 NACHM. org.eclipse.lsp4j.jsonrpc.RemoteEndpoint handleCancellation
WARNUNG: Unmatched cancel notification for request id 24
Nov. 20, 2020 4:56:02 NACHM. org.eclipse.lsp4j.jsonrpc.RemoteEndpoint handleCancellation
WARNUNG: Unmatched cancel notification for request id 25
Nov. 20, 2020 4:56:02 NACHM. org.eclipse.lsp4j.jsonrpc.RemoteEndpoint handleCancellation
WARNUNG: Unmatched cancel notification for request id 19
2020.11.20 16:56:25 WARN  no build target for: F:\spark_gradle\src\main\scala\ashukhov\KafkaDemo.scala
2020.11.20 16:56:27 WARN  no build target for: F:\spark_gradle\src\main\scala\ashukhov\KafkaDemo.scala
2020.11.20 16:56:27 WARN  no build target for: F:\spark_gradle\src\main\scala\ashukhov\KafkaDemo.scala
2020.11.20 16:56:48 WARN  code navigation does not work for the file 'F:\spark_gradle\src\main\scala\ashukhov\KafkaDemo.scala' because it doesn't belong to a build target.
2020.11.20 16:56:48 WARN  no build target for: F:\spark_gradle\src\main\scala\ashukhov\KafkaDemo.scala
2020.11.20 16:57:35 WARN  no build target for: F:\spark_gradle\src\main\scala\ashukhov\KafkaDemo.scala
2020.11.20 16:58:09 INFO  running 'F:\spark_gradle\gradlew.bat --console=plain --init-script C:\Users\vasco\AppData\Local\Temp\metals13850741841252044617\init-script.gradle bloopInstall'
2020.11.20 16:58:12 INFO  
2020.11.20 16:58:12 INFO  Welcome to Gradle 4.9!
2020.11.20 16:58:12 INFO  
2020.11.20 16:58:12 INFO  Here are the highlights of this release:
2020.11.20 16:58:12 INFO   - Experimental APIs for creating and configuring tasks lazily
2020.11.20 16:58:12 INFO   - Pass arguments to JavaExec via CLI
2020.11.20 16:58:12 INFO   - Auxiliary publication dependency support for multi-project builds
2020.11.20 16:58:12 INFO   - Improved dependency insight report
2020.11.20 16:58:12 INFO  
2020.11.20 16:58:12 INFO  For more details see https://docs.gradle.org/4.9/release-notes.html
2020.11.20 16:58:12 INFO  
2020.11.20 16:58:17 INFO  Starting a Gradle Daemon (subsequent builds will be faster)
2020.11.20 16:58:34 INFO  Download https://repo.maven.apache.org/maven2/ch/epfl/scala/gradle-bloop_2.12/1.4.5-2-eb51d668/gradle-bloop_2.12-1.4.5-2-eb51d668.pom
2020.11.20 16:58:34 INFO  Download https://repo.maven.apache.org/maven2/ch/epfl/scala/bloop-config_2.12/1.4.5-2-eb51d668/bloop-config_2.12-1.4.5-2-eb51d668.pom
2020.11.20 16:58:34 INFO  Download https://repo.maven.apache.org/maven2/com/github/plokhotnyuk/jsoniter-scala/jsoniter-scala-core_2.12/2.4.0/jsoniter-scala-core_2.12-2.4.0.pom
2020.11.20 16:58:34 INFO  Download https://repo.maven.apache.org/maven2/org/scala-lang/scala-library/2.12.11/scala-library-2.12.11.pom
2020.11.20 16:58:34 INFO  Download https://repo.maven.apache.org/maven2/com/github/plokhotnyuk/jsoniter-scala/jsoniter-scala-core_2.12/2.4.0/jsoniter-scala-core_2.12-2.4.0.jar
2020.11.20 16:58:35 INFO  Download https://repo.maven.apache.org/maven2/ch/epfl/scala/bloop-config_2.12/1.4.5-2-eb51d668/bloop-config_2.12-1.4.5-2-eb51d668.jar
2020.11.20 16:58:35 INFO  Download https://repo.maven.apache.org/maven2/org/scala-lang/scala-library/2.12.11/scala-library-2.12.11.jar
2020.11.20 16:58:35 INFO  Download https://repo.maven.apache.org/maven2/ch/epfl/scala/gradle-bloop_2.12/1.4.5-2-eb51d668/gradle-bloop_2.12-1.4.5-2-eb51d668.jar
2020.11.20 16:58:41 INFO  > Task :configureBloopInstall
2020.11.20 16:58:41 INFO  > Task :bloopInstall
2020.11.20 16:58:41 INFO  
2020.11.20 16:58:41 INFO  BUILD SUCCESSFUL in 31s
2020.11.20 16:58:41 INFO  2 actionable tasks: 2 executed
2020.11.20 16:58:41 INFO  gradle bloopInstall exit: 0
2020.11.20 16:58:41 INFO  time: ran 'gradle bloopInstall' in 31s
2020.11.20 16:58:41 WARN  Build server is not auto-connectable.
2020.11.20 16:59:57 WARN  no build target for: F:\spark_gradle\src\main\scala\ashukhov\KafkaDemo.scala
2020.11.20 17:01:05 WARN  Build server is not auto-connectable.
2020.11.20 17:01:07 WARN  Build server is not auto-connectable.
2020.11.20 17:01:07 WARN  Build server is not auto-connectable.
2020.11.20 17:01:09 WARN  Build server is not auto-connectable.
2020.11.20 17:01:09 WARN  Build server is not auto-connectable.
2020.11.20 17:01:09 WARN  Build server is not auto-connectable.
2020.11.20 17:01:10 WARN  Build server is not auto-connectable.
2020.11.20 17:01:14 WARN  Build server is not auto-connectable.
2020.11.20 17:01:14 WARN  Build server is not auto-connectable.
2020.11.20 17:01:15 WARN  Build server is not auto-connectable.
2020.11.20 17:02:04 WARN  no build target for: F:\spark_gradle\src\main\scala\ashukhov\KafkaDemo.scala
2020.11.20 17:02:04 WARN  no build target for: F:\spark_gradle\src\main\scala\ashukhov\KafkaDemo.scala
2020.11.20 17:02:11 WARN  no build target for: F:\spark_gradle\src\main\scala\ashukhov\KafkaDemo.scala
2020.11.20 17:15:05 WARN  no build target for: F:\spark_gradle\src\main\scala\ashukhov\KafkaDemo.scala
2020.11.20 17:17:00 WARN  code navigation does not work for the file 'F:\spark_gradle\src\main\scala\ashukhov\KafkaDemo.scala' because it doesn't belong to a build target.
2020.11.20 17:17:00 WARN  code navigation does not work for the file 'F:\spark_gradle\src\main\scala\ashukhov\KafkaDemo.scala' because it doesn't belong to a build target.
2020.11.20 17:17:09 WARN  no build target for: F:\spark_gradle\src\main\scala\ashukhov\KafkaDemo.scala
2020.11.20 17:17:14 WARN  Build server is not auto-connectable.
2020.11.20 17:17:16 WARN  Build server is not auto-connectable.
2020.11.20 17:18:53 WARN  code navigation does not work for the file 'F:\spark_gradle\src\main\scala\ashukhov\KafkaDemo.scala' because it doesn't belong to a build target.
2020.11.20 17:18:56 WARN  no build target for: F:\spark_gradle\src\main\scala\ashukhov\KafkaDemo.scala
2020.11.20 17:19:11 WARN  no build target for: F:\spark_gradle\src\main\scala\ashukhov\KafkaDemo.scala
2020.11.20 17:19:24 WARN  no build target for: F:\spark_gradle\src\main\scala\ashukhov\KafkaDemo.scala
2020.11.20 17:19:24 WARN  no build target for: F:\spark_gradle\src\main\scala\ashukhov\KafkaDemo.scala
2020.11.20 17:20:01 WARN  no build target for: F:\spark_gradle\src\main\scala\ashukhov\KafkaDemo.scala
2020.11.20 17:20:05 WARN  code navigation does not work for the file 'F:\spark_gradle\src\main\scala\ashukhov\KafkaDemo.scala' because it doesn't belong to a build target.
2020.11.20 17:20:05 WARN  no build target for: F:\spark_gradle\src\main\scala\ashukhov\KafkaDemo.scala
2020.11.20 17:20:39 WARN  no build target for: F:\spark_gradle\src\main\scala\ashukhov\KafkaDemo.scala
2020.11.20 17:23:30 WARN  no build target for: F:\spark_gradle\src\main\scala\ashukhov\KafkaDemo.scala
2020.11.20 17:24:03 INFO  shutting down Metals
2020.11.23 14:30:20 INFO  Started: Metals version 0.9.5 in workspace 'F:\spark_gradle' for client vscode.
2020.11.23 14:30:28 INFO  time: initialize in 7.89s
2020.11.23 14:30:30 WARN  Build server is not auto-connectable.
2020.11.23 14:30:30 WARN  no build target for: F:\spark_gradle\src\main\scala\ashukhov\KafkaDemo.scala
2020.11.23 14:30:40 INFO  no build target: using presentation compiler with only scala-library
Nov. 23, 2020 2:30:40 NACHM. org.eclipse.lsp4j.jsonrpc.RemoteEndpoint handleCancellation
WARNUNG: Unmatched cancel notification for request id 2
Nov. 23, 2020 2:30:41 NACHM. org.eclipse.lsp4j.jsonrpc.RemoteEndpoint handleCancellation
WARNUNG: Unmatched cancel notification for request id 4
Nov. 23, 2020 2:30:41 NACHM. org.eclipse.lsp4j.jsonrpc.RemoteEndpoint handleCancellation
WARNUNG: Unmatched cancel notification for request id 10
Nov. 23, 2020 2:30:41 NACHM. org.eclipse.lsp4j.jsonrpc.RemoteEndpoint handleCancellation
WARNUNG: Unmatched cancel notification for request id 13
Nov. 23, 2020 2:30:41 NACHM. org.eclipse.lsp4j.jsonrpc.RemoteEndpoint handleCancellation
WARNUNG: Unmatched cancel notification for request id 12
Nov. 23, 2020 2:30:41 NACHM. org.eclipse.lsp4j.jsonrpc.RemoteEndpoint handleCancellation
WARNUNG: Unmatched cancel notification for request id 8
Nov. 23, 2020 2:30:41 NACHM. org.eclipse.lsp4j.jsonrpc.RemoteEndpoint handleCancellation
WARNUNG: Unmatched cancel notification for request id 16
Nov. 23, 2020 2:30:41 NACHM. org.eclipse.lsp4j.jsonrpc.RemoteEndpoint handleCancellation
WARNUNG: Unmatched cancel notification for request id 22
Nov. 23, 2020 2:30:41 NACHM. org.eclipse.lsp4j.jsonrpc.RemoteEndpoint handleCancellation
WARNUNG: Unmatched cancel notification for request id 20
2020.11.23 14:30:43 INFO  running 'F:\spark_gradle\gradlew.bat --console=plain --init-script C:\Users\vasco\AppData\Local\Temp\metals10409128683056685513\init-script.gradle bloopInstall'
2020.11.23 14:30:53 INFO  Starting a Gradle Daemon (subsequent builds will be faster)
2020.11.23 14:31:13 INFO  > Task :configureBloopInstall
2020.11.23 14:31:13 INFO  > Task :bloopInstall
2020.11.23 14:31:13 INFO  
2020.11.23 14:31:13 INFO  BUILD SUCCESSFUL in 28s
2020.11.23 14:31:13 INFO  2 actionable tasks: 2 executed
2020.11.23 14:31:13 INFO  gradle bloopInstall exit: 0
2020.11.23 14:31:13 INFO  time: ran 'gradle bloopInstall' in 30s
2020.11.23 14:31:13 WARN  Build server is not auto-connectable.
2020.11.23 14:34:55 WARN  code navigation does not work for the file 'F:\spark_gradle\src\main\scala\ashukhov\KafkaDemo.scala' because it doesn't belong to a build target.
2020.11.23 14:34:55 WARN  no build target for: F:\spark_gradle\src\main\scala\ashukhov\KafkaDemo.scala
2020.11.23 14:35:03 WARN  no build target for: F:\spark_gradle\src\main\scala\ashukhov\KafkaDemo.scala
2020.11.23 15:53:07 WARN  no build target for: F:\spark_gradle\src\main\scala\ashukhov\KafkaDemo.scala
2020.11.23 15:54:44 WARN  code navigation does not work for the file 'F:\spark_gradle\src\main\scala\ashukhov\KafkaDemo.scala' because it doesn't belong to a build target.
2020.11.23 15:54:44 WARN  code navigation does not work for the file 'F:\spark_gradle\src\main\scala\ashukhov\KafkaDemo.scala' because it doesn't belong to a build target.
2020.11.23 15:54:44 WARN  no build target for: F:\spark_gradle\src\main\scala\ashukhov\KafkaDemo.scala
2020.11.23 15:55:41 WARN  no build target for: F:\spark_gradle\src\main\scala\ashukhov\KafkaDemo.scala
2020.11.23 16:00:28 WARN  code navigation does not work for the file 'F:\spark_gradle\src\main\scala\ashukhov\KafkaDemo.scala' because it doesn't belong to a build target.
2020.11.23 16:00:28 WARN  no build target for: F:\spark_gradle\src\main\scala\ashukhov\KafkaDemo.scala
2020.12.01 14:50:20 INFO  Started: Metals version 0.9.6 in workspace 'F:\spark_gradle' for client vscode.
2020.12.01 14:50:25 INFO  time: initialize in 5.18s
2020.12.01 14:50:30 WARN  Build server is not auto-connectable.
2020.12.01 14:50:30 WARN  no build target for: F:\spark_gradle\src\main\scala\ashukhov\KafkaDemo.scala
2020.12.01 14:50:40 INFO  no build target: using presentation compiler with only scala-library
2020.12.01 15:20:56 WARN  no build target for: F:\spark_gradle\src\main\scala\ashukhov\KafkaDemo.scala
2020.12.01 15:21:03 WARN  no build target for: F:\spark_gradle\src\main\scala\ashukhov\KafkaDemo.scala
2020.12.01 15:34:05 WARN  no build target for: F:\spark_gradle\src\main\scala\ashukhov\KafkaDemo.scala
2020.12.01 15:35:45 WARN  no build target for: F:\spark_gradle\src\main\scala\ashukhov\KafkaDemo.scala
2020.12.01 15:37:55 WARN  no build target for: F:\spark_gradle\src\main\scala\ashukhov\KafkaDemo.scala
2020.12.01 15:41:01 WARN  code navigation does not work for the file 'F:\spark_gradle\src\main\scala\ashukhov\KafkaDemo.scala' because it doesn't belong to a build target.
2020.12.01 15:41:01 WARN  code navigation does not work for the file 'F:\spark_gradle\src\main\scala\ashukhov\KafkaDemo.scala' because it doesn't belong to a build target.
2020.12.01 15:41:28 WARN  no build target for: F:\spark_gradle\src\main\scala\ashukhov\KafkaDemo.scala
2020.12.01 15:41:28 WARN  no build target for: F:\spark_gradle\src\main\scala\ashukhov\KafkaDemo.scala
2020.12.01 15:45:24 WARN  no build target for: F:\spark_gradle\src\main\scala\ashukhov\KafkaDemo.scala
2020.12.01 15:46:34 WARN  code navigation does not work for the file 'F:\spark_gradle\src\main\scala\ashukhov\KafkaDemo.scala' because it doesn't belong to a build target.
2020.12.01 15:46:38 WARN  no build target for: F:\spark_gradle\src\main\scala\ashukhov\KafkaDemo.scala
2020.12.01 16:18:27 WARN  no build target for: F:\spark_gradle\src\main\scala\ashukhov\KafkaDemo.scala
2020.12.01 16:18:39 WARN  no build target for: F:\spark_gradle\src\main\scala\ashukhov\KafkaDemo.scala
2020.12.01 16:19:15 WARN  no build target for: F:\spark_gradle\src\main\scala\ashukhov\KafkaDemo.scala
Dez. 01, 2020 4:32:37 NACHM. org.eclipse.lsp4j.jsonrpc.services.GenericEndpoint notify
INFORMATION: Unsupported notification method: $/setTraceNotification
2020.12.01 16:59:49 WARN  no build tool detected in workspace 'F:\spark_gradle'. The most common cause for this problem is that the editor was opened in the wrong working directory, for example if you use sbt then the workspace directory should contain build.sbt. 
2020.12.01 16:59:49 WARN  no build target for: F:\spark_gradle\src\main\scala\ashukhov\KafkaDemo.scala
2020.12.01 16:59:53 WARN  no build target for: F:\spark_gradle\src\main\scala\ashukhov\KafkaDemo.scala
2020.12.01 17:19:53 WARN  no build target for: F:\spark_gradle\src\main\scala\ashukhov\KafkaDemo.scala
2020.12.01 17:47:09 WARN  no build target for: F:\spark_gradle\src\main\scala\ashukhov\KafkaDemo.scala
2020.12.01 17:48:40 WARN  no build target for: F:\spark_gradle\src\main\scala\ashukhov\KafkaDemo.scala
2020.12.01 17:49:12 WARN  no build target for: F:\spark_gradle\src\main\scala\ashukhov\KafkaDemo.scala
Dez. 01, 2020 5:53:32 NACHM. scala.meta.internal.pc.CompletionProvider expected$1
WARNUNG: offset 4053, count -1, length 4173
Dez. 01, 2020 5:53:33 NACHM. scala.meta.internal.pc.CompletionProvider expected$1
WARNUNG: offset 4053, count -1, length 4173
2020.12.01 17:53:41 WARN  no build target for: F:\spark_gradle\src\main\scala\ashukhov\KafkaDemo.scala
2020.12.01 17:53:41 WARN  no build target for: F:\spark_gradle\src\main\scala\ashukhov\KafkaDemo.scala
2020.12.01 17:55:30 WARN  code navigation does not work for the file 'F:\spark_gradle\src\main\scala\ashukhov\KafkaDemo.scala' because it doesn't belong to a build target.
2020.12.01 17:55:30 WARN  code navigation does not work for the file 'F:\spark_gradle\src\main\scala\ashukhov\KafkaDemo.scala' because it doesn't belong to a build target.
Exception in thread "pool-3-thread-1" java.lang.InterruptedException
	at scala.meta.internal.metals.FutureCancelToken.checkCanceled(FutureCancelToken.scala:29)
	at scala.meta.internal.pc.CompilerAccess.$anonfun$onCompilerJobQueue$1(CompilerAccess.scala:195)
	at scala.meta.internal.pc.CompilerJobQueue$Job.run(CompilerJobQueue.scala:103)
	at java.base/java.util.concurrent.ThreadPoolExecutor.runWorker(ThreadPoolExecutor.java:1135)
	at java.base/java.util.concurrent.ThreadPoolExecutor$Worker.run(ThreadPoolExecutor.java:635)
	at java.base/java.lang.Thread.run(Thread.java:844)
2020.12.01 17:55:30 WARN  no build target for: F:\spark_gradle\src\main\scala\ashukhov\KafkaDemo.scala
2020.12.01 17:56:07 WARN  no build target for: F:\spark_gradle\src\main\scala\ashukhov\KafkaDemo.scala
2020.12.01 17:57:00 WARN  no build target for: F:\spark_gradle\src\main\scala\ashukhov\KafkaDemo.scala
2020.12.01 17:59:03 WARN  no build target for: F:\spark_gradle\src\main\scala\ashukhov\KafkaDemo.scala
2020.12.01 18:00:27 WARN  code navigation does not work for the file 'F:\spark_gradle\src\main\scala\ashukhov\KafkaDemo.scala' because it doesn't belong to a build target.
2020.12.01 18:00:27 WARN  code navigation does not work for the file 'F:\spark_gradle\src\main\scala\ashukhov\KafkaDemo.scala' because it doesn't belong to a build target.
2020.12.01 18:00:27 WARN  code navigation does not work for the file 'F:\spark_gradle\src\main\scala\ashukhov\KafkaDemo.scala' because it doesn't belong to a build target.
2020.12.01 18:05:48 WARN  no build target for: F:\spark_gradle\src\main\scala\ashukhov\KafkaDemo.scala
2020.12.01 18:06:27 WARN  no build target for: F:\spark_gradle\src\main\scala\ashukhov\KafkaDemo.scala
2020.12.01 18:06:27 WARN  no build target for: F:\spark_gradle\src\main\scala\ashukhov\KafkaDemo.scala
2020.12.01 18:10:33 WARN  no build target for: F:\spark_gradle\src\main\scala\ashukhov\KafkaDemo.scala
2020.12.01 18:12:27 WARN  no build target for: F:\spark_gradle\src\main\scala\ashukhov\KafkaDemo.scala
Dez. 01, 2020 6:15:03 NACHM. scala.meta.internal.pc.CompletionProvider expected$1
WARNUNG: offset 3608, count -1, length 3902
2020.12.01 18:15:06 WARN  no build target for: F:\spark_gradle\src\main\scala\ashukhov\KafkaDemo.scala
Dez. 01, 2020 6:18:15 NACHM. scala.meta.internal.pc.CompletionProvider expected$1
WARNUNG: offset 3786, count -1, length 3906
2020.12.01 18:18:27 WARN  code navigation does not work for the file 'F:\spark_gradle\src\main\scala\ashukhov\KafkaDemo.scala' because it doesn't belong to a build target.
2020.12.01 18:18:27 WARN  code navigation does not work for the file 'F:\spark_gradle\src\main\scala\ashukhov\KafkaDemo.scala' because it doesn't belong to a build target.
2020.12.01 18:18:27 WARN  no build target for: F:\spark_gradle\src\main\scala\ashukhov\KafkaDemo.scala
2020.12.01 18:19:05 WARN  no build target for: F:\spark_gradle\src\main\scala\ashukhov\KafkaDemo.scala
2020.12.01 18:21:03 WARN  no build target for: F:\spark_gradle\src\main\scala\ashukhov\KafkaDemo.scala
2020.12.01 18:24:01 WARN  code navigation does not work for the file 'F:\spark_gradle\src\main\scala\ashukhov\KafkaDemo.scala' because it doesn't belong to a build target.
2020.12.01 18:24:01 WARN  no build target for: F:\spark_gradle\src\main\scala\ashukhov\KafkaDemo.scala
2020.12.01 18:25:13 WARN  no build target for: F:\spark_gradle\src\main\scala\ashukhov\KafkaDemo.scala
2020.12.01 18:31:20 WARN  no build target for: F:\spark_gradle\src\main\scala\ashukhov\KafkaDemo.scala
2020.12.01 18:31:27 WARN  no build target for: F:\spark_gradle\src\main\scala\ashukhov\KafkaDemo.scala
2020.12.01 18:35:52 WARN  no build target for: F:\spark_gradle\src\main\scala\ashukhov\KafkaDemo.scala
2020.12.01 18:40:48 WARN  code navigation does not work for the file 'F:\spark_gradle\src\main\scala\ashukhov\KafkaDemo.scala' because it doesn't belong to a build target.
2020.12.01 18:40:48 WARN  no build target for: F:\spark_gradle\src\main\scala\ashukhov\KafkaDemo.scala
2020.12.01 18:53:19 INFO  shutting down Metals
